doing 28
prep Files
run ML training and prediction
running wolfram on  28.linear.knn.xdt.12train.12val.3feat_5_15_38.m
completed wolfram on  28.linear.knn.xdt.12train.12val.3feat_5_15_38.m
doing 29
prep Files
run ML training and prediction
running wolfram on  29.linear.knn.xdt.24train.12val.3feat_5_15_38.m
completed wolfram on  29.linear.knn.xdt.24train.12val.3feat_5_15_38.m
doing 30
prep Files
run ML training and prediction
running wolfram on  30.linear.knn.xdt.36train.12val.3feat_5_15_38.m
completed wolfram on  30.linear.knn.xdt.36train.12val.3feat_5_15_38.m
doing 31
prep Files
run ML training and prediction
running wolfram on  31.linear.knn.xdt.48train.12val.3feat_5_15_38.m
completed wolfram on  31.linear.knn.xdt.48train.12val.3feat_5_15_38.m
doing 32
prep Files
run ML training and prediction
running wolfram on  32.linear.knn.xdt.60train.12val.3feat_5_15_38.m
completed wolfram on  32.linear.knn.xdt.60train.12val.3feat_5_15_38.m
doing 33
prep Files
run ML training and prediction
running wolfram on  33.linear.knn.xdt.72train.12val.3feat_5_15_38.m
completed wolfram on  33.linear.knn.xdt.72train.12val.3feat_5_15_38.m
doing 34
prep Files
run ML training and prediction
running wolfram on  34.linear.knn.xdt.84train.12val.3feat_5_15_38.m
completed wolfram on  34.linear.knn.xdt.84train.12val.3feat_5_15_38.m

